<?xml version="1.0" encoding="UTF-8"?>
<testsuites name="jest tests" tests="5" failures="0" errors="0" time="38.947">
  <testsuite name="SearchForm Component tests" errors="0" failures="0" skipped="0" timestamp="2020-10-27T04:46:28" time="28.726" tests="5">
    <testcase classname="SearchForm Component tests Page renders with correct text." name="SearchForm Component tests Page renders with correct text." time="0.252">
    </testcase>
    <testcase classname="SearchForm Component tests Addition of new value to database causes success banner with correct text and class." name="SearchForm Component tests Addition of new value to database causes success banner with correct text and class." time="0.271">
    </testcase>
    <testcase classname="SearchForm Component tests Addition of redundant value to database causes error banner with correct text and class." name="SearchForm Component tests Addition of redundant value to database causes error banner with correct text and class." time="0.115">
    </testcase>
    <testcase classname="SearchForm Component tests Attempt to submit empty value to database causes error banner with correct text and class." name="SearchForm Component tests Attempt to submit empty value to database causes error banner with correct text and class." time="0.048">
    </testcase>
    <testcase classname="SearchForm Component tests Broken server connection causes error banner with correct text and class." name="SearchForm Component tests Broken server connection causes error banner with correct text and class." time="0.36">
    </testcase>
  </testsuite>
</testsuites>